Watching for file changes with StatReloader
/Users/admin/Desktop/Accounting/Accounting/settings.py changed, reloading.
Watching for file changes with StatReloader
/Users/admin/Desktop/Accounting/Accounting/settings.py changed, reloading.
Watching for file changes with StatReloader
/Users/admin/Desktop/Accounting/Accounting/settings.py changed, reloading.
Watching for file changes with StatReloader
"GET /logout/ HTTP/1.1" 302 0
"GET /login/ HTTP/1.1" 200 6719
"GET /transactions/ HTTP/1.1" 302 0
"GET /login/?next=/transactions/ HTTP/1.1" 200 6457
"POST /login/?next=/transactions/ HTTP/1.1" 302 0
"GET /transactions/ HTTP/1.1" 200 34715
"GET /dashboard/ HTTP/1.1" 200 39785
"GET /admin/ HTTP/1.1" 200 9820
"GET /static/admin/css/base.css HTTP/1.1" 304 0
"GET /static/admin/css/dark_mode.css HTTP/1.1" 304 0
"GET /static/admin/css/nav_sidebar.css HTTP/1.1" 304 0
"GET /static/admin/css/dashboard.css HTTP/1.1" 304 0
"GET /static/admin/js/theme.js HTTP/1.1" 304 0
"GET /static/admin/css/responsive.css HTTP/1.1" 304 0
"GET /static/admin/js/nav_sidebar.js HTTP/1.1" 304 0
"GET /static/admin/img/icon-addlink.svg HTTP/1.1" 304 0
"GET /static/admin/img/icon-changelink.svg HTTP/1.1" 304 0
"GET /static/admin/img/icon-deletelink.svg HTTP/1.1" 304 0
Not Found: /favicon.ico
"GET /favicon.ico HTTP/1.1" 404 8015
/Users/admin/Desktop/Accounting/account/views.py changed, reloading.
Watching for file changes with StatReloader
/Users/admin/Desktop/Accounting/Accounting/settings.py changed, reloading.
Watching for file changes with StatReloader
/Users/admin/Desktop/Accounting/Accounting/settings.py changed, reloading.
Watching for file changes with StatReloader
/Users/admin/Desktop/Accounting/Accounting/settings.py changed, reloading.
Watching for file changes with StatReloader
/Users/admin/Desktop/Accounting/Accounting/settings.py changed, reloading.
Watching for file changes with StatReloader
/Users/admin/Desktop/Accounting/Accounting/settings.py changed, reloading.
Watching for file changes with StatReloader
/Users/admin/Desktop/Accounting/Accounting/settings.py changed, reloading.
Watching for file changes with StatReloader
"GET /logout/ HTTP/1.1" 302 0
"GET /login/ HTTP/1.1" 200 6719
"POST /login/ HTTP/1.1" 302 0
"GET /dashboard/ HTTP/1.1" 200 40038
"GET /static/assets/css/style.css HTTP/1.1" 304 0
"GET /static/assets/imgs/vaticanlogo.jpeg HTTP/1.1" 304 0
"GET /static/assets/imgs/theme/flag-us.png HTTP/1.1" 304 0
"GET /static/assets/imgs/theme/flag-fr.png HTTP/1.1" 304 0
"GET /static/assets/imgs/theme/flag-jp.png HTTP/1.1" 304 0
"GET /static/assets/js/vendors/jquery-3.6.0.min.js HTTP/1.1" 304 0
"GET /static/assets/css/vendors/normalize.css HTTP/1.1" 304 0
"GET /static/assets/css/vendors/bootstrap.css HTTP/1.1" 304 0
"GET /static/assets/imgs/theme/flag-cn.png HTTP/1.1" 304 0
"GET /static/assets/css/vendors/material-icon-round.css HTTP/1.1" 304 0
"GET /static/assets/css/vendors/perfect-scrollbar.css HTTP/1.1" 304 0
"GET /static/assets/css/vendors/select2.min.css HTTP/1.1" 304 0
"GET /static/assets/js/vendors/bootstrap.bundle.min.js HTTP/1.1" 304 0
"GET /static/assets/js/main.js?v=1.0.0 HTTP/1.1" 304 0
"GET /static/assets/js/vendors/select2.min.js HTTP/1.1" 304 0
"GET /static/assets/js/vendors/jquery.fullscreen.min.js HTTP/1.1" 304 0
"GET /static/assets/js/vendors/perfect-scrollbar.js HTTP/1.1" 304 0
"GET /static/assets/js/vendors/chart.js HTTP/1.1" 304 0
"GET /static/assets/js/custom-chart.js HTTP/1.1" 304 0
"GET /static/assets/imgs/people/avatar2.jpg HTTP/1.1" 304 0
"GET /static/assets/fonts/material-icon/MaterialIcons-Round.woff2 HTTP/1.1" 304 0
Watching for file changes with StatReloader
"GET / HTTP/1.1" 302 0
"GET /login/?next=/ HTTP/1.1" 200 6457
"GET /static/assets/css/style.css?v=1.0.0 HTTP/1.1" 304 0
"GET /static/assets/js/vendors/jquery-3.6.0.min.js HTTP/1.1" 304 0
"GET /static/assets/js/vendors/bootstrap.bundle.min.js HTTP/1.1" 304 0
"GET /static/assets/js/vendors/select2.min.js HTTP/1.1" 304 0
"GET /static/assets/css/vendors/normalize.css HTTP/1.1" 304 0
"GET /static/assets/css/vendors/perfect-scrollbar.css HTTP/1.1" 304 0
"GET /static/assets/css/vendors/material-icon-round.css HTTP/1.1" 304 0
"GET /static/assets/css/vendors/bootstrap.css HTTP/1.1" 200 257573
"GET /static/assets/css/vendors/select2.min.css HTTP/1.1" 304 0
"GET /static/assets/js/vendors/perfect-scrollbar.js HTTP/1.1" 304 0
"GET /static/assets/js/vendors/jquery.fullscreen.min.js HTTP/1.1" 304 0
"GET /static/assets/js/vendors/chart.js HTTP/1.1" 200 180403
"GET /static/assets/js/main.js?v=1.0.0 HTTP/1.1" 304 0
"GET /static/assets/js/custom-chart.js HTTP/1.1" 304 0
"GET /static/assets/imgs/theme/favicon.svg HTTP/1.1" 304 0
"POST /login/?next=/ HTTP/1.1" 302 0
"GET / HTTP/1.1" 200 40038
"GET /static/assets/css/style.css HTTP/1.1" 304 0
"GET /static/assets/imgs/theme/flag-us.png HTTP/1.1" 304 0
"GET /static/assets/imgs/theme/flag-fr.png HTTP/1.1" 304 0
"GET /static/assets/imgs/theme/flag-jp.png HTTP/1.1" 304 0
"GET /static/assets/imgs/theme/flag-cn.png HTTP/1.1" 304 0
"GET /static/assets/imgs/people/avatar2.jpg HTTP/1.1" 304 0
"GET /static/assets/imgs/vaticanlogo.jpeg HTTP/1.1" 200 224289
"GET /static/assets/fonts/material-icon/MaterialIcons-Round.woff2 HTTP/1.1" 304 0
"GET / HTTP/1.1" 302 0
"GET /login/?next=/ HTTP/1.1" 200 6457
"GET /static/assets/js/vendors/jquery.fullscreen.min.js HTTP/1.1" 200 7012
"GET /static/assets/js/vendors/perfect-scrollbar.js HTTP/1.1" 200 38417
"GET /static/assets/css/style.css?v=1.0.0 HTTP/1.1" 200 68873
"GET /static/assets/js/vendors/select2.min.js HTTP/1.1" 200 68059
"GET /static/assets/js/vendors/jquery-3.6.0.min.js HTTP/1.1" 200 89503
"GET /static/assets/js/vendors/bootstrap.bundle.min.js HTTP/1.1" 200 80821
"GET /static/assets/js/main.js?v=1.0.0 HTTP/1.1" 200 1183
"GET /static/assets/js/custom-chart.js HTTP/1.1" 200 3482
"GET /static/assets/js/vendors/chart.js HTTP/1.1" 200 180403
"GET /static/assets/css/vendors/normalize.css HTTP/1.1" 200 6167
"GET /static/assets/css/vendors/perfect-scrollbar.css HTTP/1.1" 200 2598
"GET /static/assets/css/vendors/select2.min.css HTTP/1.1" 200 15445
"GET /static/assets/css/vendors/material-icon-round.css HTTP/1.1" 200 70132
"GET /static/assets/css/vendors/bootstrap.css HTTP/1.1" 200 257573
"GET /static/assets/imgs/theme/favicon.svg HTTP/1.1" 200 6924
"GET /manage-users/ HTTP/1.1" 200 33091
"POST /login/?next=/ HTTP/1.1" 302 0
"GET / HTTP/1.1" 200 17659
"GET /static/assets/css/style.css HTTP/1.1" 200 68873
"GET /static/assets/imgs/theme/flag-fr.png HTTP/1.1" 200 554
"GET /static/assets/imgs/theme/flag-cn.png HTTP/1.1" 200 652
"GET /static/assets/imgs/theme/flag-jp.png HTTP/1.1" 200 573
"GET /static/assets/imgs/theme/flag-us.png HTTP/1.1" 200 656
"GET /static/assets/imgs/people/avatar2.jpg HTTP/1.1" 200 64728
"GET /static/assets/imgs/vaticanlogo.jpeg HTTP/1.1" 200 224289
"GET /static/assets/fonts/material-icon/MaterialIcons-Round.woff2 HTTP/1.1" 200 88376
Not Found: /favicon.ico
"GET /favicon.ico HTTP/1.1" 404 8015
"GET /logout/ HTTP/1.1" 302 0
"GET /login/ HTTP/1.1" 200 6719
"POST /login/ HTTP/1.1" 302 0
"GET /dashboard/ HTTP/1.1" 200 26059
Watching for file changes with StatReloader
"GET /add-transaction/ HTTP/1.1" 200 21480
"POST /add-transaction/ HTTP/1.1" 302 0
"GET /transactions/ HTTP/1.1" 200 25889
"GET /dashboard/ HTTP/1.1" 200 26578
/Users/admin/Desktop/Accounting/account/forms.py changed, reloading.
Watching for file changes with StatReloader
/Users/admin/Desktop/Accounting/account/forms.py changed, reloading.
Watching for file changes with StatReloader
/Users/admin/Desktop/Accounting/account/views.py changed, reloading.
Watching for file changes with StatReloader
/Users/admin/Desktop/Accounting/account/views.py changed, reloading.
Watching for file changes with StatReloader
"GET /dashboard/ HTTP/1.1" 200 26640
"GET /dashboard/ HTTP/1.1" 200 26640
"GET /dashboard/ HTTP/1.1" 200 26640
"GET /manage-users/ HTTP/1.1" 200 33091
"GET /add-transaction/ HTTP/1.1" 200 21490
"GET /dashboard/ HTTP/1.1" 200 26640
"GET /manage-branches/ HTTP/1.1" 200 29795
"GET /allocate-funds/ HTTP/1.1" 200 21307
"POST /allocate-funds/ HTTP/1.1" 302 0
"GET /fund-allocations/ HTTP/1.1" 200 22988
"GET /dashboard/ HTTP/1.1" 200 27447
- Broken pipe from ('127.0.0.1', 58923)
"GET /transactions/ HTTP/1.1" 200 26842
- Broken pipe from ('127.0.0.1', 58931)
"GET /add-transaction/ HTTP/1.1" 200 21490
"POST /add-transaction/ HTTP/1.1" 302 0
"GET /transactions/ HTTP/1.1" 200 28216
"GET /dashboard/ HTTP/1.1" 200 28201
/Users/admin/Desktop/Accounting/account/forms.py changed, reloading.
Watching for file changes with StatReloader
/Users/admin/Desktop/Accounting/account/views.py changed, reloading.
Watching for file changes with StatReloader
/Users/admin/Desktop/Accounting/account/models.py changed, reloading.
Watching for file changes with StatReloader
/Users/admin/Desktop/Accounting/account/forms.py changed, reloading.
Watching for file changes with StatReloader
Internal Server Error: /allocate-funds/
Traceback (most recent call last):
  File "/Library/Frameworks/Python.framework/Versions/3.13/lib/python3.13/site-packages/django/core/handlers/exception.py", line 55, in inner
    response = get_response(request)
  File "/Library/Frameworks/Python.framework/Versions/3.13/lib/python3.13/site-packages/django/core/handlers/base.py", line 197, in _get_response
    response = wrapped_callback(request, *callback_args, **callback_kwargs)
  File "/Library/Frameworks/Python.framework/Versions/3.13/lib/python3.13/site-packages/django/contrib/auth/decorators.py", line 59, in _view_wrapper
    return view_func(request, *args, **kwargs)
  File "/Users/admin/Desktop/Accounting/account/views.py", line 321, in allocate_funds
    Transaction.objects.create(
    ~~~~~~~~~~~~~~~~~~~~~~~~~~^
        branch=main_branch,
        ^^^^^^^^^^^^^^^^^^^
    ...<6 lines>...
        created_by=request.user
        ^^^^^^^^^^^^^^^^^^^^^^^
    )
    ^
  File "/Library/Frameworks/Python.framework/Versions/3.13/lib/python3.13/site-packages/django/db/models/manager.py", line 87, in manager_method
    return getattr(self.get_queryset(), name)(*args, **kwargs)
           ~~~~~~~~~~~~~~~~~~~~~~~~~~~~~~~~~~^^^^^^^^^^^^^^^^^
  File "/Library/Frameworks/Python.framework/Versions/3.13/lib/python3.13/site-packages/django/db/models/query.py", line 663, in create
    obj.save(force_insert=True, using=self.db)
    ~~~~~~~~^^^^^^^^^^^^^^^^^^^^^^^^^^^^^^^^^^
  File "/Users/admin/Desktop/Accounting/account/models.py", line 146, in save
    self.clean()
    ~~~~~~~~~~^^
  File "/Users/admin/Desktop/Accounting/account/models.py", line 139, in clean
    raise ValidationError(
    ...<3 lines>...
    )
django.core.exceptions.ValidationError: ["Insufficient funds. Current balance is ₦-800,000.00, but you're trying to spend ₦1,000,000.00. Available balance: ₦-800,000.00"]
"POST /allocate-funds/ HTTP/1.1" 500 90952
Not Found: /favicon.ico
"GET /favicon.ico HTTP/1.1" 404 8015
"GET /allocate-funds/ HTTP/1.1" 200 21307
"GET /allocate-funds/ HTTP/1.1" 200 21307
"GET /dashboard/ HTTP/1.1" 200 40737
Internal Server Error: /allocate-funds/
Traceback (most recent call last):
  File "/Library/Frameworks/Python.framework/Versions/3.13/lib/python3.13/site-packages/django/core/handlers/exception.py", line 55, in inner
    response = get_response(request)
  File "/Library/Frameworks/Python.framework/Versions/3.13/lib/python3.13/site-packages/django/core/handlers/base.py", line 197, in _get_response
    response = wrapped_callback(request, *callback_args, **callback_kwargs)
  File "/Library/Frameworks/Python.framework/Versions/3.13/lib/python3.13/site-packages/django/contrib/auth/decorators.py", line 59, in _view_wrapper
    return view_func(request, *args, **kwargs)
  File "/Users/admin/Desktop/Accounting/account/views.py", line 321, in allocate_funds
    Transaction.objects.create(
    ~~~~~~~~~~~~~~~~~~~~~~~~~~^
        branch=main_branch,
        ^^^^^^^^^^^^^^^^^^^
    ...<6 lines>...
        created_by=request.user
        ^^^^^^^^^^^^^^^^^^^^^^^
    )
    ^
  File "/Library/Frameworks/Python.framework/Versions/3.13/lib/python3.13/site-packages/django/db/models/manager.py", line 87, in manager_method
    return getattr(self.get_queryset(), name)(*args, **kwargs)
           ~~~~~~~~~~~~~~~~~~~~~~~~~~~~~~~~~~^^^^^^^^^^^^^^^^^
  File "/Library/Frameworks/Python.framework/Versions/3.13/lib/python3.13/site-packages/django/db/models/query.py", line 663, in create
    obj.save(force_insert=True, using=self.db)
    ~~~~~~~~^^^^^^^^^^^^^^^^^^^^^^^^^^^^^^^^^^
  File "/Users/admin/Desktop/Accounting/account/models.py", line 146, in save
    self.clean()
    ~~~~~~~~~~^^
  File "/Users/admin/Desktop/Accounting/account/models.py", line 139, in clean
    raise ValidationError(
    ...<3 lines>...
    )
django.core.exceptions.ValidationError: ["Insufficient funds. Current balance is ₦-800,000.00, but you're trying to spend ₦1,000,000.00. Available balance: ₦-800,000.00"]
"POST /allocate-funds/ HTTP/1.1" 500 91011
"GET /dashboard/ HTTP/1.1" 200 40758
/Users/admin/Desktop/Accounting/account/models.py changed, reloading.
Watching for file changes with StatReloader
/Users/admin/Desktop/Accounting/account/forms.py changed, reloading.
Watching for file changes with StatReloader
/Users/admin/Desktop/Accounting/account/views.py changed, reloading.
Watching for file changes with StatReloader
/Users/admin/Desktop/Accounting/account/views.py changed, reloading.
Watching for file changes with StatReloader
/Users/admin/Desktop/Accounting/account/views.py changed, reloading.
Watching for file changes with StatReloader
/Users/admin/Desktop/Accounting/account/forms.py changed, reloading.
Watching for file changes with StatReloader
"GET /dashboard/ HTTP/1.1" 200 42011
/Users/admin/Desktop/Accounting/account/models.py changed, reloading.
Watching for file changes with StatReloader
/Users/admin/Desktop/Accounting/account/forms.py changed, reloading.
Watching for file changes with StatReloader
/Users/admin/Desktop/Accounting/account/views.py changed, reloading.
Watching for file changes with StatReloader
/Users/admin/Desktop/Accounting/account/views.py changed, reloading.
Watching for file changes with StatReloader
"GET /dashboard/ HTTP/1.1" 200 42320
"GET /add-transaction/ HTTP/1.1" 200 25764
"POST /add-transaction/ HTTP/1.1" 302 0
"GET /transactions/ HTTP/1.1" 200 43796
"GET /dashboard/ HTTP/1.1" 200 41691
"GET /add-transaction/ HTTP/1.1" 200 25764
"POST /add-transaction/ HTTP/1.1" 200 25804
"POST /add-transaction/ HTTP/1.1" 200 25804
"POST /add-transaction/ HTTP/1.1" 200 25804
"POST /add-transaction/ HTTP/1.1" 200 25804
"POST /add-transaction/ HTTP/1.1" 200 25804
"POST /add-transaction/ HTTP/1.1" 200 25804
"POST /add-transaction/ HTTP/1.1" 200 25804
"POST /add-transaction/ HTTP/1.1" 200 25804
"POST /add-transaction/ HTTP/1.1" 200 25804
"POST /add-transaction/ HTTP/1.1" 200 25804
"POST /add-transaction/ HTTP/1.1" 200 25804
"GET /dashboard/ HTTP/1.1" 200 29882
- Broken pipe from ('127.0.0.1', 59228)
"GET /dashboard/ HTTP/1.1" 200 41691
"GET /dashboard/ HTTP/1.1" 200 41686
"GET /transactions/ HTTP/1.1" 200 43538
"GET /add-transaction/ HTTP/1.1" 200 25764
"GET /transactions/ HTTP/1.1" 200 43538
/Users/admin/Desktop/Accounting/account/views.py changed, reloading.
Watching for file changes with StatReloader
/Users/admin/Desktop/Accounting/account/urls.py changed, reloading.
Watching for file changes with StatReloader
/Users/admin/Desktop/Accounting/account/urls.py changed, reloading.
Watching for file changes with StatReloader
"GET /transactions/ HTTP/1.1" 200 43436
"GET /transactions/ HTTP/1.1" 200 43436
"GET /transactions/ HTTP/1.1" 200 43436
"GET /add-income/ HTTP/1.1" 200 25765
"GET /add-income/ HTTP/1.1" 200 25765
"GET /add-expenditure/ HTTP/1.1" 200 25790
"GET /add-expenditure/ HTTP/1.1" 200 25790
"GET /manage-users/ HTTP/1.1" 200 32989
"GET /manage-branches/ HTTP/1.1" 200 29696
"GET /add-expenditure/ HTTP/1.1" 200 25790
"GET /add-expenditure/ HTTP/1.1" 200 25795
"GET /dashboard/ HTTP/1.1" 200 41584
"GET /fund-allocations/ HTTP/1.1" 200 24175
Internal Server Error: /add-income/
Traceback (most recent call last):
  File "/Library/Frameworks/Python.framework/Versions/3.13/lib/python3.13/site-packages/django/core/handlers/exception.py", line 55, in inner
    response = get_response(request)
  File "/Library/Frameworks/Python.framework/Versions/3.13/lib/python3.13/site-packages/django/core/handlers/base.py", line 197, in _get_response
    response = wrapped_callback(request, *callback_args, **callback_kwargs)
  File "/Library/Frameworks/Python.framework/Versions/3.13/lib/python3.13/site-packages/django/contrib/auth/decorators.py", line 59, in _view_wrapper
    return view_func(request, *args, **kwargs)
  File "/Users/admin/Desktop/Accounting/account/views.py", line 482, in add_income
    return render(request, 'add_transaction.html', {'form': form, 'transaction_type': 'income'})
  File "/Library/Frameworks/Python.framework/Versions/3.13/lib/python3.13/site-packages/django/shortcuts.py", line 25, in render
    content = loader.render_to_string(template_name, context, request, using=using)
  File "/Library/Frameworks/Python.framework/Versions/3.13/lib/python3.13/site-packages/django/template/loader.py", line 61, in render_to_string
    template = get_template(template_name, using=using)
  File "/Library/Frameworks/Python.framework/Versions/3.13/lib/python3.13/site-packages/django/template/loader.py", line 15, in get_template
    return engine.get_template(template_name)
           ~~~~~~~~~~~~~~~~~~~^^^^^^^^^^^^^^^
  File "/Library/Frameworks/Python.framework/Versions/3.13/lib/python3.13/site-packages/django/template/backends/django.py", line 79, in get_template
    return Template(self.engine.get_template(template_name), self)
                    ~~~~~~~~~~~~~~~~~~~~~~~~^^^^^^^^^^^^^^^
  File "/Library/Frameworks/Python.framework/Versions/3.13/lib/python3.13/site-packages/django/template/engine.py", line 177, in get_template
    template, origin = self.find_template(template_name)
                       ~~~~~~~~~~~~~~~~~~^^^^^^^^^^^^^^^
  File "/Library/Frameworks/Python.framework/Versions/3.13/lib/python3.13/site-packages/django/template/engine.py", line 159, in find_template
    template = loader.get_template(name, skip=skip)
  File "/Library/Frameworks/Python.framework/Versions/3.13/lib/python3.13/site-packages/django/template/loaders/cached.py", line 57, in get_template
    template = super().get_template(template_name, skip)
  File "/Library/Frameworks/Python.framework/Versions/3.13/lib/python3.13/site-packages/django/template/loaders/base.py", line 28, in get_template
    return Template(
        contents,
    ...<2 lines>...
        self.engine,
    )
  File "/Library/Frameworks/Python.framework/Versions/3.13/lib/python3.13/site-packages/django/template/base.py", line 154, in __init__
    self.nodelist = self.compile_nodelist()
                    ~~~~~~~~~~~~~~~~~~~~~^^
  File "/Library/Frameworks/Python.framework/Versions/3.13/lib/python3.13/site-packages/django/template/base.py", line 196, in compile_nodelist
    nodelist = parser.parse()
  File "/Library/Frameworks/Python.framework/Versions/3.13/lib/python3.13/site-packages/django/template/base.py", line 518, in parse
    raise self.error(token, e)
  File "/Library/Frameworks/Python.framework/Versions/3.13/lib/python3.13/site-packages/django/template/base.py", line 516, in parse
    compiled_result = compile_func(self, token)
  File "/Library/Frameworks/Python.framework/Versions/3.13/lib/python3.13/site-packages/django/template/loader_tags.py", line 299, in do_extends
    nodelist = parser.parse()
  File "/Library/Frameworks/Python.framework/Versions/3.13/lib/python3.13/site-packages/django/template/base.py", line 518, in parse
    raise self.error(token, e)
  File "/Library/Frameworks/Python.framework/Versions/3.13/lib/python3.13/site-packages/django/template/base.py", line 516, in parse
    compiled_result = compile_func(self, token)
  File "/Library/Frameworks/Python.framework/Versions/3.13/lib/python3.13/site-packages/django/template/loader_tags.py", line 234, in do_block
    nodelist = parser.parse(("endblock",))
  File "/Library/Frameworks/Python.framework/Versions/3.13/lib/python3.13/site-packages/django/template/base.py", line 518, in parse
    raise self.error(token, e)
  File "/Library/Frameworks/Python.framework/Versions/3.13/lib/python3.13/site-packages/django/template/base.py", line 516, in parse
    compiled_result = compile_func(self, token)
  File "/Library/Frameworks/Python.framework/Versions/3.13/lib/python3.13/site-packages/django/template/defaulttags.py", line 976, in do_if
    nodelist = parser.parse(("endif",))
  File "/Library/Frameworks/Python.framework/Versions/3.13/lib/python3.13/site-packages/django/template/base.py", line 489, in parse
    raise self.error(token, e)
  File "/Library/Frameworks/Python.framework/Versions/3.13/lib/python3.13/site-packages/django/template/base.py", line 487, in parse
    filter_expression = self.compile_filter(token.contents)
  File "/Library/Frameworks/Python.framework/Versions/3.13/lib/python3.13/site-packages/django/template/base.py", line 609, in compile_filter
    return FilterExpression(token, self)
  File "/Library/Frameworks/Python.framework/Versions/3.13/lib/python3.13/site-packages/django/template/base.py", line 710, in __init__
    raise TemplateSyntaxError(
    ...<2 lines>...
    )
django.template.exceptions.TemplateSyntaxError: Could not parse the remainder: ' == 'income' and 'trending_up' or 'trending_down'' from 'transaction_type == 'income' and 'trending_up' or 'trending_down''
"GET /add-income/ HTTP/1.1" 500 270365
"GET /add-income/ HTTP/1.1" 200 28189
"GET /add-income/ HTTP/1.1" 200 25770
"GET /add-income/ HTTP/1.1" 200 23587
"GET /add-income/ HTTP/1.1" 200 25770
"GET /transactions/ HTTP/1.1" 200 43436
"GET /dashboard/ HTTP/1.1" 200 29623
- Broken pipe from ('127.0.0.1', 59811)
"GET /transactions/ HTTP/1.1" 200 30121
"GET /transactions/ HTTP/1.1" 200 43436
"GET /manage-branches/ HTTP/1.1" 200 29696
"GET /transactions/ HTTP/1.1" 200 43436
"GET /transactions/ HTTP/1.1" 200 62514
"GET /transactions/ HTTP/1.1" 200 62514
"GET /transactions/ HTTP/1.1" 200 62514
"GET /transactions/ HTTP/1.1" 200 62514
"GET /transactions/ HTTP/1.1" 200 70093
"GET /transactions/ HTTP/1.1" 200 45795
/Users/admin/Desktop/Accounting/account/views.py changed, reloading.
Watching for file changes with StatReloader
/Users/admin/Desktop/Accounting/account/urls.py changed, reloading.
Watching for file changes with StatReloader
/Users/admin/Desktop/Accounting/account/urls.py changed, reloading.
Watching for file changes with StatReloader
"GET /transactions/ HTTP/1.1" 200 45803
"GET /transactions/ HTTP/1.1" 200 45803
Internal Server Error: /reports/
Traceback (most recent call last):
  File "/Library/Frameworks/Python.framework/Versions/3.13/lib/python3.13/site-packages/django/template/defaulttags.py", line 1035, in find_library
    return parser.libraries[name]
           ~~~~~~~~~~~~~~~~^^^^^^
KeyError: 'humanize'

During handling of the above exception, another exception occurred:

Traceback (most recent call last):
  File "/Library/Frameworks/Python.framework/Versions/3.13/lib/python3.13/site-packages/django/core/handlers/exception.py", line 55, in inner
    response = get_response(request)
  File "/Library/Frameworks/Python.framework/Versions/3.13/lib/python3.13/site-packages/django/core/handlers/base.py", line 197, in _get_response
    response = wrapped_callback(request, *callback_args, **callback_kwargs)
  File "/Library/Frameworks/Python.framework/Versions/3.13/lib/python3.13/site-packages/django/contrib/auth/decorators.py", line 59, in _view_wrapper
    return view_func(request, *args, **kwargs)
  File "/Users/admin/Desktop/Accounting/account/views.py", line 877, in reports
    return render(request, 'reports.html', context)
  File "/Library/Frameworks/Python.framework/Versions/3.13/lib/python3.13/site-packages/django/shortcuts.py", line 25, in render
    content = loader.render_to_string(template_name, context, request, using=using)
  File "/Library/Frameworks/Python.framework/Versions/3.13/lib/python3.13/site-packages/django/template/loader.py", line 61, in render_to_string
    template = get_template(template_name, using=using)
  File "/Library/Frameworks/Python.framework/Versions/3.13/lib/python3.13/site-packages/django/template/loader.py", line 15, in get_template
    return engine.get_template(template_name)
           ~~~~~~~~~~~~~~~~~~~^^^^^^^^^^^^^^^
  File "/Library/Frameworks/Python.framework/Versions/3.13/lib/python3.13/site-packages/django/template/backends/django.py", line 79, in get_template
    return Template(self.engine.get_template(template_name), self)
                    ~~~~~~~~~~~~~~~~~~~~~~~~^^^^^^^^^^^^^^^
  File "/Library/Frameworks/Python.framework/Versions/3.13/lib/python3.13/site-packages/django/template/engine.py", line 177, in get_template
    template, origin = self.find_template(template_name)
                       ~~~~~~~~~~~~~~~~~~^^^^^^^^^^^^^^^
  File "/Library/Frameworks/Python.framework/Versions/3.13/lib/python3.13/site-packages/django/template/engine.py", line 159, in find_template
    template = loader.get_template(name, skip=skip)
  File "/Library/Frameworks/Python.framework/Versions/3.13/lib/python3.13/site-packages/django/template/loaders/cached.py", line 57, in get_template
    template = super().get_template(template_name, skip)
  File "/Library/Frameworks/Python.framework/Versions/3.13/lib/python3.13/site-packages/django/template/loaders/base.py", line 28, in get_template
    return Template(
        contents,
    ...<2 lines>...
        self.engine,
    )
  File "/Library/Frameworks/Python.framework/Versions/3.13/lib/python3.13/site-packages/django/template/base.py", line 154, in __init__
    self.nodelist = self.compile_nodelist()
                    ~~~~~~~~~~~~~~~~~~~~~^^
  File "/Library/Frameworks/Python.framework/Versions/3.13/lib/python3.13/site-packages/django/template/base.py", line 196, in compile_nodelist
    nodelist = parser.parse()
  File "/Library/Frameworks/Python.framework/Versions/3.13/lib/python3.13/site-packages/django/template/base.py", line 518, in parse
    raise self.error(token, e)
  File "/Library/Frameworks/Python.framework/Versions/3.13/lib/python3.13/site-packages/django/template/base.py", line 516, in parse
    compiled_result = compile_func(self, token)
  File "/Library/Frameworks/Python.framework/Versions/3.13/lib/python3.13/site-packages/django/template/loader_tags.py", line 299, in do_extends
    nodelist = parser.parse()
  File "/Library/Frameworks/Python.framework/Versions/3.13/lib/python3.13/site-packages/django/template/base.py", line 518, in parse
    raise self.error(token, e)
  File "/Library/Frameworks/Python.framework/Versions/3.13/lib/python3.13/site-packages/django/template/base.py", line 516, in parse
    compiled_result = compile_func(self, token)
  File "/Library/Frameworks/Python.framework/Versions/3.13/lib/python3.13/site-packages/django/template/defaulttags.py", line 1097, in load
    lib = find_library(parser, name)
  File "/Library/Frameworks/Python.framework/Versions/3.13/lib/python3.13/site-packages/django/template/defaulttags.py", line 1037, in find_library
    raise TemplateSyntaxError(
    ...<5 lines>...
    )
django.template.exceptions.TemplateSyntaxError: 'humanize' is not a registered tag library. Must be one of:
admin_list
admin_modify
admin_urls
cache
i18n
l10n
log
static
tz
"GET /reports/ HTTP/1.1" 500 260531
/Users/admin/Desktop/Accounting/Accounting/settings.py changed, reloading.
Watching for file changes with StatReloader
/Users/admin/Desktop/Accounting/Accounting/settings.py changed, reloading.
Watching for file changes with StatReloader
Internal Server Error: /reports/
Traceback (most recent call last):
  File "/Library/Frameworks/Python.framework/Versions/3.13/lib/python3.13/site-packages/django/core/handlers/exception.py", line 55, in inner
    response = get_response(request)
  File "/Library/Frameworks/Python.framework/Versions/3.13/lib/python3.13/site-packages/django/core/handlers/base.py", line 197, in _get_response
    response = wrapped_callback(request, *callback_args, **callback_kwargs)
  File "/Library/Frameworks/Python.framework/Versions/3.13/lib/python3.13/site-packages/django/contrib/auth/decorators.py", line 59, in _view_wrapper
    return view_func(request, *args, **kwargs)
  File "/Users/admin/Desktop/Accounting/account/views.py", line 877, in reports
    return render(request, 'reports.html', context)
  File "/Library/Frameworks/Python.framework/Versions/3.13/lib/python3.13/site-packages/django/shortcuts.py", line 25, in render
    content = loader.render_to_string(template_name, context, request, using=using)
  File "/Library/Frameworks/Python.framework/Versions/3.13/lib/python3.13/site-packages/django/template/loader.py", line 61, in render_to_string
    template = get_template(template_name, using=using)
  File "/Library/Frameworks/Python.framework/Versions/3.13/lib/python3.13/site-packages/django/template/loader.py", line 15, in get_template
    return engine.get_template(template_name)
           ~~~~~~~~~~~~~~~~~~~^^^^^^^^^^^^^^^
  File "/Library/Frameworks/Python.framework/Versions/3.13/lib/python3.13/site-packages/django/template/backends/django.py", line 79, in get_template
    return Template(self.engine.get_template(template_name), self)
                    ~~~~~~~~~~~~~~~~~~~~~~~~^^^^^^^^^^^^^^^
  File "/Library/Frameworks/Python.framework/Versions/3.13/lib/python3.13/site-packages/django/template/engine.py", line 177, in get_template
    template, origin = self.find_template(template_name)
                       ~~~~~~~~~~~~~~~~~~^^^^^^^^^^^^^^^
  File "/Library/Frameworks/Python.framework/Versions/3.13/lib/python3.13/site-packages/django/template/engine.py", line 159, in find_template
    template = loader.get_template(name, skip=skip)
  File "/Library/Frameworks/Python.framework/Versions/3.13/lib/python3.13/site-packages/django/template/loaders/cached.py", line 57, in get_template
    template = super().get_template(template_name, skip)
  File "/Library/Frameworks/Python.framework/Versions/3.13/lib/python3.13/site-packages/django/template/loaders/base.py", line 28, in get_template
    return Template(
        contents,
    ...<2 lines>...
        self.engine,
    )
  File "/Library/Frameworks/Python.framework/Versions/3.13/lib/python3.13/site-packages/django/template/base.py", line 154, in __init__
    self.nodelist = self.compile_nodelist()
                    ~~~~~~~~~~~~~~~~~~~~~^^
  File "/Library/Frameworks/Python.framework/Versions/3.13/lib/python3.13/site-packages/django/template/base.py", line 196, in compile_nodelist
    nodelist = parser.parse()
  File "/Library/Frameworks/Python.framework/Versions/3.13/lib/python3.13/site-packages/django/template/base.py", line 518, in parse
    raise self.error(token, e)
  File "/Library/Frameworks/Python.framework/Versions/3.13/lib/python3.13/site-packages/django/template/base.py", line 516, in parse
    compiled_result = compile_func(self, token)
  File "/Library/Frameworks/Python.framework/Versions/3.13/lib/python3.13/site-packages/django/template/loader_tags.py", line 299, in do_extends
    nodelist = parser.parse()
  File "/Library/Frameworks/Python.framework/Versions/3.13/lib/python3.13/site-packages/django/template/base.py", line 518, in parse
    raise self.error(token, e)
  File "/Library/Frameworks/Python.framework/Versions/3.13/lib/python3.13/site-packages/django/template/base.py", line 516, in parse
    compiled_result = compile_func(self, token)
  File "/Library/Frameworks/Python.framework/Versions/3.13/lib/python3.13/site-packages/django/template/loader_tags.py", line 234, in do_block
    nodelist = parser.parse(("endblock",))
  File "/Library/Frameworks/Python.framework/Versions/3.13/lib/python3.13/site-packages/django/template/base.py", line 518, in parse
    raise self.error(token, e)
  File "/Library/Frameworks/Python.framework/Versions/3.13/lib/python3.13/site-packages/django/template/base.py", line 516, in parse
    compiled_result = compile_func(self, token)
  File "/Library/Frameworks/Python.framework/Versions/3.13/lib/python3.13/site-packages/django/template/defaulttags.py", line 962, in do_if
    nodelist = parser.parse(("elif", "else", "endif"))
  File "/Library/Frameworks/Python.framework/Versions/3.13/lib/python3.13/site-packages/django/template/base.py", line 489, in parse
    raise self.error(token, e)
  File "/Library/Frameworks/Python.framework/Versions/3.13/lib/python3.13/site-packages/django/template/base.py", line 487, in parse
    filter_expression = self.compile_filter(token.contents)
  File "/Library/Frameworks/Python.framework/Versions/3.13/lib/python3.13/site-packages/django/template/base.py", line 609, in compile_filter
    return FilterExpression(token, self)
  File "/Library/Frameworks/Python.framework/Versions/3.13/lib/python3.13/site-packages/django/template/base.py", line 705, in __init__
    filter_func = parser.find_filter(filter_name)
  File "/Library/Frameworks/Python.framework/Versions/3.13/lib/python3.13/site-packages/django/template/base.py", line 615, in find_filter
    raise TemplateSyntaxError("Invalid filter: '%s'" % filter_name)
django.template.exceptions.TemplateSyntaxError: Invalid filter: 'mul'
"GET /reports/ HTTP/1.1" 500 337281
Internal Server Error: /reports/
Traceback (most recent call last):
  File "/Library/Frameworks/Python.framework/Versions/3.13/lib/python3.13/site-packages/django/core/handlers/exception.py", line 55, in inner
    response = get_response(request)
  File "/Library/Frameworks/Python.framework/Versions/3.13/lib/python3.13/site-packages/django/core/handlers/base.py", line 197, in _get_response
    response = wrapped_callback(request, *callback_args, **callback_kwargs)
  File "/Library/Frameworks/Python.framework/Versions/3.13/lib/python3.13/site-packages/django/contrib/auth/decorators.py", line 59, in _view_wrapper
    return view_func(request, *args, **kwargs)
  File "/Users/admin/Desktop/Accounting/account/views.py", line 877, in reports
    return render(request, 'reports.html', context)
  File "/Library/Frameworks/Python.framework/Versions/3.13/lib/python3.13/site-packages/django/shortcuts.py", line 25, in render
    content = loader.render_to_string(template_name, context, request, using=using)
  File "/Library/Frameworks/Python.framework/Versions/3.13/lib/python3.13/site-packages/django/template/loader.py", line 61, in render_to_string
    template = get_template(template_name, using=using)
  File "/Library/Frameworks/Python.framework/Versions/3.13/lib/python3.13/site-packages/django/template/loader.py", line 15, in get_template
    return engine.get_template(template_name)
           ~~~~~~~~~~~~~~~~~~~^^^^^^^^^^^^^^^
  File "/Library/Frameworks/Python.framework/Versions/3.13/lib/python3.13/site-packages/django/template/backends/django.py", line 79, in get_template
    return Template(self.engine.get_template(template_name), self)
                    ~~~~~~~~~~~~~~~~~~~~~~~~^^^^^^^^^^^^^^^
  File "/Library/Frameworks/Python.framework/Versions/3.13/lib/python3.13/site-packages/django/template/engine.py", line 177, in get_template
    template, origin = self.find_template(template_name)
                       ~~~~~~~~~~~~~~~~~~^^^^^^^^^^^^^^^
  File "/Library/Frameworks/Python.framework/Versions/3.13/lib/python3.13/site-packages/django/template/engine.py", line 159, in find_template
    template = loader.get_template(name, skip=skip)
  File "/Library/Frameworks/Python.framework/Versions/3.13/lib/python3.13/site-packages/django/template/loaders/cached.py", line 57, in get_template
    template = super().get_template(template_name, skip)
  File "/Library/Frameworks/Python.framework/Versions/3.13/lib/python3.13/site-packages/django/template/loaders/base.py", line 28, in get_template
    return Template(
        contents,
    ...<2 lines>...
        self.engine,
    )
  File "/Library/Frameworks/Python.framework/Versions/3.13/lib/python3.13/site-packages/django/template/base.py", line 154, in __init__
    self.nodelist = self.compile_nodelist()
                    ~~~~~~~~~~~~~~~~~~~~~^^
  File "/Library/Frameworks/Python.framework/Versions/3.13/lib/python3.13/site-packages/django/template/base.py", line 196, in compile_nodelist
    nodelist = parser.parse()
  File "/Library/Frameworks/Python.framework/Versions/3.13/lib/python3.13/site-packages/django/template/base.py", line 518, in parse
    raise self.error(token, e)
  File "/Library/Frameworks/Python.framework/Versions/3.13/lib/python3.13/site-packages/django/template/base.py", line 516, in parse
    compiled_result = compile_func(self, token)
  File "/Library/Frameworks/Python.framework/Versions/3.13/lib/python3.13/site-packages/django/template/loader_tags.py", line 299, in do_extends
    nodelist = parser.parse()
  File "/Library/Frameworks/Python.framework/Versions/3.13/lib/python3.13/site-packages/django/template/base.py", line 518, in parse
    raise self.error(token, e)
  File "/Library/Frameworks/Python.framework/Versions/3.13/lib/python3.13/site-packages/django/template/base.py", line 516, in parse
    compiled_result = compile_func(self, token)
  File "/Library/Frameworks/Python.framework/Versions/3.13/lib/python3.13/site-packages/django/template/loader_tags.py", line 234, in do_block
    nodelist = parser.parse(("endblock",))
  File "/Library/Frameworks/Python.framework/Versions/3.13/lib/python3.13/site-packages/django/template/base.py", line 518, in parse
    raise self.error(token, e)
  File "/Library/Frameworks/Python.framework/Versions/3.13/lib/python3.13/site-packages/django/template/base.py", line 516, in parse
    compiled_result = compile_func(self, token)
  File "/Library/Frameworks/Python.framework/Versions/3.13/lib/python3.13/site-packages/django/template/defaulttags.py", line 962, in do_if
    nodelist = parser.parse(("elif", "else", "endif"))
  File "/Library/Frameworks/Python.framework/Versions/3.13/lib/python3.13/site-packages/django/template/base.py", line 489, in parse
    raise self.error(token, e)
  File "/Library/Frameworks/Python.framework/Versions/3.13/lib/python3.13/site-packages/django/template/base.py", line 487, in parse
    filter_expression = self.compile_filter(token.contents)
  File "/Library/Frameworks/Python.framework/Versions/3.13/lib/python3.13/site-packages/django/template/base.py", line 609, in compile_filter
    return FilterExpression(token, self)
  File "/Library/Frameworks/Python.framework/Versions/3.13/lib/python3.13/site-packages/django/template/base.py", line 705, in __init__
    filter_func = parser.find_filter(filter_name)
  File "/Library/Frameworks/Python.framework/Versions/3.13/lib/python3.13/site-packages/django/template/base.py", line 615, in find_filter
    raise TemplateSyntaxError("Invalid filter: '%s'" % filter_name)
django.template.exceptions.TemplateSyntaxError: Invalid filter: 'mul'
"GET /reports/ HTTP/1.1" 500 337281
/Users/admin/Desktop/Accounting/Accounting/settings.py changed, reloading.
Watching for file changes with StatReloader
/Users/admin/Desktop/Accounting/account/views.py changed, reloading.
Watching for file changes with StatReloader
/Users/admin/Desktop/Accounting/account/views.py changed, reloading.
Watching for file changes with StatReloader
/Users/admin/Desktop/Accounting/account/views.py changed, reloading.
Watching for file changes with StatReloader
"GET /reports/ HTTP/1.1" 200 42542
"GET /dashboard/ HTTP/1.1" 200 41592
"GET /reports/ HTTP/1.1" 200 42542
"GET /dashboard/ HTTP/1.1" 200 41592
"GET /admin/ HTTP/1.1" 200 9820
"GET /static/admin/css/base.css HTTP/1.1" 304 0
"GET /static/admin/css/dark_mode.css HTTP/1.1" 304 0
"GET /static/admin/css/nav_sidebar.css HTTP/1.1" 304 0
"GET /static/admin/css/dashboard.css HTTP/1.1" 304 0
"GET /static/admin/js/theme.js HTTP/1.1" 304 0
"GET /static/admin/css/responsive.css HTTP/1.1" 304 0
"GET /static/admin/js/nav_sidebar.js HTTP/1.1" 304 0
"GET /static/admin/img/icon-addlink.svg HTTP/1.1" 304 0
"GET /static/admin/img/icon-changelink.svg HTTP/1.1" 304 0
"GET /static/admin/img/icon-deletelink.svg HTTP/1.1" 304 0
"GET /reports/ HTTP/1.1" 200 42542
"GET /reports/?start_date=2025-08-01&end_date=2025-10-12&report_type=overview HTTP/1.1" 200 46195
"GET /dashboard/ HTTP/1.1" 200 41592
"GET /dashboard/ HTTP/1.1" 200 41592
"GET /reports/?start_date=2025-08-01&end_date=2025-10-12&report_type=overview HTTP/1.1" 200 46195
"GET /reports/?start_date=2025-08-01&end_date=2025-10-12&report_type=overview HTTP/1.1" 200 46195
"GET /reports/?start_date=2025-08-01&end_date=2025-10-12&report_type=overview HTTP/1.1" 200 46195
"GET /reports/?start_date=2025-08-01&end_date=2025-10-12&report_type=overview HTTP/1.1" 200 46195
"GET /reports/?start_date=2025-08-01&end_date=2025-10-12&report_type=overview HTTP/1.1" 200 46195
"GET /reports/?start_date=2025-08-01&end_date=2025-10-12&report_type=overview HTTP/1.1" 200 46194
Watching for file changes with StatReloader
"GET / HTTP/1.1" 302 0
"GET /login/?next=/ HTTP/1.1" 200 6457
"GET /static/assets/css/style.css?v=1.0.0 HTTP/1.1" 304 0
"GET /static/assets/js/vendors/bootstrap.bundle.min.js HTTP/1.1" 304 0
"GET /static/assets/js/vendors/jquery-3.6.0.min.js HTTP/1.1" 304 0
"GET /static/assets/js/vendors/bootstrap.bundle.min.js HTTP/1.1" 200 80821
"GET /static/assets/js/vendors/select2.min.js HTTP/1.1" 304 0
"GET /static/assets/css/vendors/normalize.css HTTP/1.1" 304 0
"GET /static/assets/css/vendors/bootstrap.css HTTP/1.1" 200 257573
"GET /static/assets/css/vendors/material-icon-round.css HTTP/1.1" 304 0
"GET /static/assets/css/vendors/perfect-scrollbar.css HTTP/1.1" 304 0
"GET /static/assets/css/vendors/select2.min.css HTTP/1.1" 304 0
"GET /static/assets/js/vendors/perfect-scrollbar.js HTTP/1.1" 304 0
"GET /static/assets/js/vendors/jquery.fullscreen.min.js HTTP/1.1" 304 0
"GET /static/assets/js/vendors/chart.js HTTP/1.1" 304 0
"GET /static/assets/js/main.js?v=1.0.0 HTTP/1.1" 304 0
"GET /static/assets/js/custom-chart.js HTTP/1.1" 304 0
"GET /static/assets/imgs/theme/favicon.svg HTTP/1.1" 304 0
"POST /login/?next=/ HTTP/1.1" 200 6735
/Users/admin/Desktop/Accounting/account/views.py changed, reloading.
Watching for file changes with StatReloader
/Users/admin/Desktop/Accounting/account/views.py changed, reloading.
Watching for file changes with StatReloader
"POST /login/?next=/ HTTP/1.1" 200 6800
"GET /login/?next=/ HTTP/1.1" 200 6455
"GET /login/?next=/ HTTP/1.1" 200 6455
"GET /login/?next=/ HTTP/1.1" 200 6455
"GET /login/?next=/ HTTP/1.1" 200 6455
"GET /login/?next=/ HTTP/1.1" 200 6455
"POST /login/?next=/ HTTP/1.1" 200 6800
/Users/admin/Desktop/Accounting/account/forms.py changed, reloading.
Watching for file changes with StatReloader
/Users/admin/Desktop/Accounting/account/forms.py changed, reloading.
Watching for file changes with StatReloader
/Users/admin/Desktop/Accounting/account/forms.py changed, reloading.
Watching for file changes with StatReloader
/Users/admin/Desktop/Accounting/account/forms.py changed, reloading.
Watching for file changes with StatReloader
"GET /login/?next=/ HTTP/1.1" 200 6991
"GET /login/?next=/ HTTP/1.1" 200 6991
"GET /login/?next=/ HTTP/1.1" 200 6991
"POST /login/?next=/ HTTP/1.1" 200 7336
"POST /login/?next=/ HTTP/1.1" 200 7336
"GET /login/?next=/ HTTP/1.1" 200 7251
"GET /login/?next=/ HTTP/1.1" 200 7251
"GET /login/?next=/ HTTP/1.1" 200 7251
"GET /login/?next=/ HTTP/1.1" 200 7251
"GET /login/?next=/ HTTP/1.1" 200 7251
"GET /login/?next=/ HTTP/1.1" 200 7251
"GET /login/?next=/ HTTP/1.1" 200 7251
"GET /login/?next=/ HTTP/1.1" 200 7251
"GET /login/?next=/ HTTP/1.1" 200 7251
"POST /login/?next=/ HTTP/1.1" 200 7587
"POST /login/?next=/ HTTP/1.1" 200 7587
"POST /login/?next=/ HTTP/1.1" 302 0
"GET / HTTP/1.1" 200 41911
"GET /static/assets/css/style.css HTTP/1.1" 304 0
"GET /static/assets/imgs/vaticanlogo.jpeg HTTP/1.1" 304 0
"GET /static/assets/imgs/theme/flag-fr.png HTTP/1.1" 304 0
"GET /static/assets/imgs/theme/flag-us.png HTTP/1.1" 304 0
"GET /static/assets/imgs/theme/flag-jp.png HTTP/1.1" 304 0
"GET /static/assets/imgs/theme/flag-cn.png HTTP/1.1" 304 0
"GET /static/assets/imgs/people/avatar2.jpg HTTP/1.1" 304 0
"GET /static/assets/fonts/material-icon/MaterialIcons-Round.woff2 HTTP/1.1" 304 0
"GET /login/?next=/ HTTP/1.1" 302 0
"GET /dashboard/ HTTP/1.1" 200 41658
Forbidden (CSRF token from POST incorrect.): /login/
"POST /login/?next=/ HTTP/1.1" 403 2503
Not Found: /favicon.ico
"GET /favicon.ico HTTP/1.1" 404 8808
"GET /logout/ HTTP/1.1" 302 0
"GET /login/ HTTP/1.1" 200 7312
"GET /login/ HTTP/1.1" 200 7050
"GET /login/ HTTP/1.1" 200 7050
"POST /login/ HTTP/1.1" 302 0
"GET /dashboard/ HTTP/1.1" 200 29949
"GET /logout/ HTTP/1.1" 302 0
"GET /login/ HTTP/1.1" 200 7312
"POST /login/ HTTP/1.1" 302 0
"GET /dashboard/ HTTP/1.1" 200 29949
"GET /reports/ HTTP/1.1" 200 33627
"GET /transactions/ HTTP/1.1" 200 32554
"GET /dashboard/ HTTP/1.1" 200 29697
"GET /logout/ HTTP/1.1" 302 0
"GET /login/ HTTP/1.1" 200 7312
"POST /login/ HTTP/1.1" 302 0
"GET /dashboard/ HTTP/1.1" 200 41911
"GET /transactions/ HTTP/1.1" 200 45869
"GET /add-income/ HTTP/1.1" 200 25844
"GET /transactions/ HTTP/1.1" 200 45869
"GET /reports/ HTTP/1.1" 200 42608
/Users/admin/Desktop/Accounting/account/views.py changed, reloading.
Watching for file changes with StatReloader
/Users/admin/Desktop/Accounting/account/views.py changed, reloading.
Watching for file changes with StatReloader
/Users/admin/Desktop/Accounting/account/views.py changed, reloading.
Watching for file changes with StatReloader
/Users/admin/Desktop/Accounting/account/views.py changed, reloading.
Watching for file changes with StatReloader
"GET /admin/ HTTP/1.1" 200 9820
"GET /static/admin/css/nav_sidebar.css HTTP/1.1" 200 2810
"GET /static/admin/css/dashboard.css HTTP/1.1" 200 441
"GET /static/admin/js/theme.js HTTP/1.1" 200 1653
"GET /static/admin/css/responsive.css HTTP/1.1" 200 16565
"GET /static/admin/css/base.css HTTP/1.1" 200 22120
"GET /static/admin/css/dark_mode.css HTTP/1.1" 200 2808
"GET /static/admin/js/nav_sidebar.js HTTP/1.1" 200 3063
"GET /static/admin/img/icon-addlink.svg HTTP/1.1" 200 331
"GET /static/admin/img/icon-deletelink.svg HTTP/1.1" 200 392
"GET /static/admin/img/icon-changelink.svg HTTP/1.1" 200 380
"GET /reports/ HTTP/1.1" 200 43065
"GET /reports/?branch=3&start_date=2025-10-01&end_date=2025-10-17&report_type=overview HTTP/1.1" 200 40446
"GET /reports/?branch=3&start_date=2025-10-01&end_date=2025-10-17&report_type=overview HTTP/1.1" 200 40446
Watching for file changes with StatReloader
"GET / HTTP/1.1" 302 0
"GET /login/?next=/ HTTP/1.1" 200 7050
"GET /static/assets/css/style.css?v=1.0.0 HTTP/1.1" 304 0
"GET /static/assets/js/vendors/bootstrap.bundle.min.js HTTP/1.1" 304 0
"GET /static/assets/js/vendors/select2.min.js HTTP/1.1" 304 0
"GET /static/assets/js/vendors/bootstrap.bundle.min.js HTTP/1.1" 304 0
"GET /static/assets/js/vendors/jquery-3.6.0.min.js HTTP/1.1" 200 89503
"GET /static/assets/js/vendors/select2.min.js HTTP/1.1" 200 68059
"GET /static/assets/css/vendors/normalize.css HTTP/1.1" 304 0
"GET /static/assets/css/vendors/material-icon-round.css HTTP/1.1" 304 0
"GET /static/assets/css/vendors/bootstrap.css HTTP/1.1" 200 257573
"GET /static/assets/css/vendors/select2.min.css HTTP/1.1" 304 0
"GET /static/assets/css/vendors/perfect-scrollbar.css HTTP/1.1" 304 0
"GET /static/assets/js/vendors/perfect-scrollbar.js HTTP/1.1" 304 0
"GET /static/assets/js/vendors/jquery.fullscreen.min.js HTTP/1.1" 304 0
"GET /static/assets/js/vendors/chart.js HTTP/1.1" 200 180403
"GET /static/assets/js/custom-chart.js HTTP/1.1" 304 0
"GET /static/assets/js/main.js?v=1.0.0 HTTP/1.1" 304 0
"GET /static/assets/js/vendors/jquery.fullscreen.min.js HTTP/1.1" 200 7012
"GET /static/assets/js/main.js?v=1.0.0 HTTP/1.1" 200 1183
"GET /static/assets/js/custom-chart.js HTTP/1.1" 200 3482
"GET /static/assets/js/vendors/perfect-scrollbar.js HTTP/1.1" 200 38417
"GET /static/assets/js/vendors/jquery-3.6.0.min.js HTTP/1.1" 200 89503
"GET /static/assets/js/vendors/chart.js HTTP/1.1" 200 180403
"GET /static/assets/imgs/theme/favicon.svg HTTP/1.1" 304 0
"POST /login/?next=/ HTTP/1.1" 302 0
"GET / HTTP/1.1" 200 37301
"GET /static/assets/css/style.css HTTP/1.1" 304 0
"GET /static/assets/imgs/vaticanlogo.jpeg HTTP/1.1" 200 224289
"GET /static/assets/fonts/material-icon/MaterialIcons-Round.woff2 HTTP/1.1" 200 88376
"GET /add-income/ HTTP/1.1" 200 21234
"GET /dashboard/ HTTP/1.1" 200 37048
"GET /add-income/ HTTP/1.1" 200 21234
"GET /allocate-funds/ HTTP/1.1" 200 16669
"GET /dashboard/ HTTP/1.1" 200 37048
"GET /add-income/ HTTP/1.1" 200 21234
"GET /dashboard/ HTTP/1.1" 200 37048
"GET /add-income/ HTTP/1.1" 200 21234
"POST /add-income/ HTTP/1.1" 200 21273
"POST /add-income/ HTTP/1.1" 200 21273
"POST /add-income/ HTTP/1.1" 200 21273
"POST /add-income/ HTTP/1.1" 200 21273
"POST /add-income/ HTTP/1.1" 200 21273
"POST /add-income/ HTTP/1.1" 200 21273
"POST /add-income/ HTTP/1.1" 200 21276
"POST /add-income/ HTTP/1.1" 200 21276
"POST /add-income/ HTTP/1.1" 200 21276
"GET /add-expenditure/ HTTP/1.1" 200 21259
"GET /transactions/ HTTP/1.1" 200 41259
"GET /add-transaction/ HTTP/1.1" 200 21401
"POST /add-transaction/ HTTP/1.1" 302 0
"GET /transactions/ HTTP/1.1" 200 42769
"GET /add-income/ HTTP/1.1" 200 21234
"POST /add-income/ HTTP/1.1" 200 21271
"POST /add-income/ HTTP/1.1" 200 21271
"POST /add-income/ HTTP/1.1" 200 21271
"GET /add-expenditure/ HTTP/1.1" 200 21259
/Users/admin/Desktop/Accounting/account/forms.py changed, reloading.
Watching for file changes with StatReloader
/Users/admin/Desktop/Accounting/account/forms.py changed, reloading.
Watching for file changes with StatReloader
/Users/admin/Desktop/Accounting/account/views.py changed, reloading.
Watching for file changes with StatReloader
/Users/admin/Desktop/Accounting/account/views.py changed, reloading.
Watching for file changes with StatReloader
/Users/admin/Desktop/Accounting/account/forms.py changed, reloading.
Watching for file changes with StatReloader
/Users/admin/Desktop/Accounting/account/forms.py changed, reloading.
Watching for file changes with StatReloader
/Users/admin/Desktop/Accounting/account/forms.py changed, reloading.
Watching for file changes with StatReloader
"GET /add-expenditure/ HTTP/1.1" 200 21449
"GET /add-income/ HTTP/1.1" 200 21424
"GET /add-income/ HTTP/1.1" 200 21425
"POST /add-income/ HTTP/1.1" 302 0
"GET /transactions/ HTTP/1.1" 200 44023
"GET /dashboard/ HTTP/1.1" 200 37022
"GET /add-expenditure/ HTTP/1.1" 200 21450
"POST /add-expenditure/ HTTP/1.1" 200 21491
"POST /add-expenditure/ HTTP/1.1" 200 21491
"POST /add-expenditure/ HTTP/1.1" 200 21491
/Users/admin/Desktop/Accounting/account/views.py changed, reloading.
Watching for file changes with StatReloader
/Users/admin/Desktop/Accounting/account/forms.py changed, reloading.
Watching for file changes with StatReloader
/Users/admin/Desktop/Accounting/account/forms.py changed, reloading.
Watching for file changes with StatReloader
/Users/admin/Desktop/Accounting/account/forms.py changed, reloading.
Watching for file changes with StatReloader
/Users/admin/Desktop/Accounting/account/views.py changed, reloading.
Watching for file changes with StatReloader
"POST /add-expenditure/ HTTP/1.1" 200 22108
"GET /dashboard/ HTTP/1.1" 200 37022
"GET /add-expenditure/ HTTP/1.1" 200 21476
"POST /add-expenditure/ HTTP/1.1" 302 0
"GET /transactions/ HTTP/1.1" 200 45284
"GET /dashboard/ HTTP/1.1" 200 37027
"GET /manage-branches/ HTTP/1.1" 200 25159
"GET /manage-branches/ HTTP/1.1" 200 25159
"GET /transactions/ HTTP/1.1" 200 45014
"GET /manage-categories/ HTTP/1.1" 200 28416
/Users/admin/Desktop/Accounting/account/views.py changed, reloading.
Watching for file changes with StatReloader
/Users/admin/Desktop/Accounting/account/urls.py changed, reloading.
Watching for file changes with StatReloader
"GET /dashboard/ HTTP/1.1" 200 37027
"GET /allocate-funds/ HTTP/1.1" 200 16669
"POST /allocate-funds/ HTTP/1.1" 302 0
"GET /fund-allocations/ HTTP/1.1" 200 20726
"GET /dashboard/ HTTP/1.1" 200 37052
"GET /reports/ HTTP/1.1" 200 35814
/Users/admin/Desktop/Accounting/account/views.py changed, reloading.
Watching for file changes with StatReloader
/Users/admin/Desktop/Accounting/account/views.py changed, reloading.
Watching for file changes with StatReloader
"GET /reports/ HTTP/1.1" 200 35814
"GET /manage-categories/ HTTP/1.1" 200 38416
"GET /edit-income-category/6/ HTTP/1.1" 200 130
"POST /edit-income-category/6/ HTTP/1.1" 200 69
"GET /manage-categories/ HTTP/1.1" 200 38428
"GET /edit-income-category/6/ HTTP/1.1" 200 140
"POST /edit-income-category/6/ HTTP/1.1" 200 69
"GET /manage-categories/ HTTP/1.1" 200 38432
"GET /edit-income-category/7/ HTTP/1.1" 200 133
"POST /edit-income-category/7/ HTTP/1.1" 200 69
"GET /manage-categories/ HTTP/1.1" 200 38533
"GET /edit-income-category/6/ HTTP/1.1" 200 141
"POST /edit-income-category/6/ HTTP/1.1" 200 69
"GET /manage-categories/ HTTP/1.1" 200 38533
"POST /delete-income-category/7/ HTTP/1.1" 302 0
"GET /manage-categories/ HTTP/1.1" 200 38844
"POST /delete-income-category/9/ HTTP/1.1" 302 0
"GET /manage-categories/ HTTP/1.1" 200 38849
"GET /manage-categories/ HTTP/1.1" 200 38533
/Users/admin/Desktop/Accounting/account/views.py changed, reloading.
Watching for file changes with StatReloader
/Users/admin/Desktop/Accounting/account/views.py changed, reloading.
Watching for file changes with StatReloader
"GET /manage-categories/ HTTP/1.1" 200 54391
"GET /reports/ HTTP/1.1" 200 35814
"GET /add-income-category/ HTTP/1.1" 200 24811
"GET /add-income-category/ HTTP/1.1" 200 26122
"GET /add-expenditure-category/ HTTP/1.1" 200 26145
"GET /fund-allocations/ HTTP/1.1" 200 20435
"GET /manage-users/ HTTP/1.1" 200 28453
"GET /dashboard/ HTTP/1.1" 200 37058
"GET /manage-users/ HTTP/1.1" 200 28453
"GET /dashboard/ HTTP/1.1" 200 37058
"GET /manage-branches/ HTTP/1.1" 200 25158
/Users/admin/Desktop/Accounting/account/views.py changed, reloading.
Watching for file changes with StatReloader
"GET /manage-users/ HTTP/1.1" 200 28453
/Users/admin/Desktop/Accounting/account/views.py changed, reloading.
Watching for file changes with StatReloader
"GET /manage-users/ HTTP/1.1" 200 31907
"GET /manage-users/ HTTP/1.1" 200 38208
"GET /manage-users/ HTTP/1.1" 200 32674
"GET /assign-branch-admin/ HTTP/1.1" 200 17272
"GET /manage-users/ HTTP/1.1" 200 32988
"GET /manage-users/ HTTP/1.1" 200 32988
"GET /toggle-user-status/4/ HTTP/1.1" 302 0
"GET /manage-users/ HTTP/1.1" 200 33268
"GET /toggle-user-status/4/ HTTP/1.1" 302 0
"GET /manage-users/ HTTP/1.1" 200 33653
"GET /manage-users/ HTTP/1.1" 200 33328
"GET /fund-allocations/ HTTP/1.1" 200 20435
"GET /manage-branches/ HTTP/1.1" 200 25158
"GET /create-branch-admin/ HTTP/1.1" 200 20770
/Users/admin/Desktop/Accounting/account/views.py changed, reloading.
Watching for file changes with StatReloader
"GET /manage-branches/ HTTP/1.1" 200 31789
/Users/admin/Desktop/Accounting/account/views.py changed, reloading.
Watching for file changes with StatReloader
"GET /transactions/?branch=3 HTTP/1.1" 200 34991
"GET /manage-branches/ HTTP/1.1" 200 32307
"GET /manage-branches/ HTTP/1.1" 200 32307
"GET /manage-branches/ HTTP/1.1" 200 31887
"GET /assign-branch-admin/ HTTP/1.1" 200 17272
"GET /assign-branch-admin/ HTTP/1.1" 200 17272
/Users/admin/Desktop/Accounting/account/urls.py changed, reloading.
Watching for file changes with StatReloader
/Users/admin/Desktop/Accounting/account/views.py changed, reloading.
Watching for file changes with StatReloader
/Users/admin/Desktop/Accounting/account/views.py changed, reloading.
Watching for file changes with StatReloader
"GET /assign-branch-admin/ HTTP/1.1" 200 20024
/Users/admin/Desktop/Accounting/account/views.py changed, reloading.
Watching for file changes with StatReloader
"GET /manage-branches/ HTTP/1.1" 200 31891
"GET /assign-branch-admin/3/ HTTP/1.1" 200 20645
"GET /allocate-funds/ HTTP/1.1" 200 16669
"GET /allocate-funds/ HTTP/1.1" 200 16669
"GET /fund-allocations/ HTTP/1.1" 200 20435
/Users/admin/Desktop/Accounting/account/urls.py changed, reloading.
Watching for file changes with StatReloader
/Users/admin/Desktop/Accounting/account/views.py changed, reloading.
Watching for file changes with StatReloader
"GET /allocate-funds/ HTTP/1.1" 200 16669
/Users/admin/Desktop/Accounting/account/views.py changed, reloading.
Watching for file changes with StatReloader
"GET /manage-branches/ HTTP/1.1" 200 31893
"GET /allocate-funds/3/ HTTP/1.1" 200 25741
"POST /allocate-funds/3/ HTTP/1.1" 302 0
"GET /manage-branches/ HTTP/1.1" 200 32183
"GET /transactions/?branch=3 HTTP/1.1" 200 36332
"GET /transactions/?branch=&type=&start_date=&end_date= HTTP/1.1" 200 50342
"GET /transactions/ HTTP/1.1" 200 50342
"GET /manage-users/ HTTP/1.1" 200 33440
"GET /assign-branch-admin/user/4/ HTTP/1.1" 200 18826
"GET /manage-users/ HTTP/1.1" 200 33440
"GET /reset-password/4/ HTTP/1.1" 200 12894
"GET /assign-branch-admin/user/4/ HTTP/1.1" 200 18826
"POST /assign-branch-admin/user/4/ HTTP/1.1" 302 0
"GET /manage-users/ HTTP/1.1" 200 33737
"GET /manage-users/ HTTP/1.1" 200 33440
"GET /assign-branch-admin/user/4/ HTTP/1.1" 200 18826
"GET /manage-users/ HTTP/1.1" 200 33440
"GET /assign-branch-admin/user/4/ HTTP/1.1" 200 18826
"GET /manage-users/ HTTP/1.1" 200 33440
"GET /manage-users/ HTTP/1.1" 200 33440
"GET /assign-branch-admin/user/3/ HTTP/1.1" 200 18824
"POST /assign-branch-admin/user/3/ HTTP/1.1" 302 0
"GET /manage-users/ HTTP/1.1" 200 33899
/Users/admin/Desktop/Accounting/account/views.py changed, reloading.
Watching for file changes with StatReloader
/Users/admin/Desktop/Accounting/account/views.py changed, reloading.
Watching for file changes with StatReloader
"GET /manage-users/ HTTP/1.1" 200 33597
"GET /manage-users/ HTTP/1.1" 200 33597
"GET /manage-users/ HTTP/1.1" 200 33597
/Users/admin/Desktop/Accounting/account/views.py changed, reloading.
Watching for file changes with StatReloader
"GET /manage-users/ HTTP/1.1" 200 33597
"GET /manage-users/ HTTP/1.1" 200 33597
"GET /assign-branch-admin/user/4/ HTTP/1.1" 200 18826
"GET /manage-users/ HTTP/1.1" 200 33597
"GET /assign-branch-admin/user/3/ HTTP/1.1" 200 18824
"GET /manage-users/ HTTP/1.1" 200 33597
"GET /manage-branches/ HTTP/1.1" 200 32063
"GET /assign-branch-admin/3/ HTTP/1.1" 200 20645
"GET /manage-branches/ HTTP/1.1" 200 32063
"GET /assign-branch-admin/3/ HTTP/1.1" 200 20645
"GET /manage-branches/ HTTP/1.1" 200 32063
"GET /manage-branches/ HTTP/1.1" 200 32063
"GET /manage-branches/ HTTP/1.1" 200 32063
"GET /manage-branches/ HTTP/1.1" 200 32063
"GET /assign-branch-admin/ HTTP/1.1" 200 20076
"GET /reports/ HTTP/1.1" 200 37487
Watching for file changes with StatReloader
"GET /reports/ HTTP/1.1" 200 36244
"GET /dashboard/ HTTP/1.1" 200 35860
"GET /transactions/ HTTP/1.1" 200 49130
"GET /transactions/ HTTP/1.1" 200 49130
"GET /reports/ HTTP/1.1" 200 36131
"GET /dashboard/ HTTP/1.1" 200 35860
Watching for file changes with StatReloader
"GET /dashboard/ HTTP/1.1" 200 35860
"GET /manage-users/ HTTP/1.1" 200 32354
"GET /assign-branch-admin/user/4/ HTTP/1.1" 200 17583
"GET /assign-branch-admin/user/4/ HTTP/1.1" 200 17583
/Users/admin/Desktop/Accounting/account/views.py changed, reloading.
Watching for file changes with StatReloader
/Users/admin/Desktop/Accounting/account/views.py changed, reloading.
Watching for file changes with StatReloader
/Users/admin/Desktop/Accounting/account/views.py changed, reloading.
Watching for file changes with StatReloader
/Users/admin/Desktop/Accounting/account/urls.py changed, reloading.
Watching for file changes with StatReloader
/Users/admin/Desktop/Accounting/account/views.py changed, reloading.
Watching for file changes with StatReloader
/Users/admin/Desktop/Accounting/account/views.py changed, reloading.
Watching for file changes with StatReloader
/Users/admin/Desktop/Accounting/account/views.py changed, reloading.
Watching for file changes with StatReloader
Watching for file changes with StatReloader
"GET /assign-branch-admin/user/4/ HTTP/1.1" 200 19703
"GET /assign-branch-admin/user/4/ HTTP/1.1" 200 19703
"GET /add-income/ HTTP/1.1" 200 20218
"GET /transactions/ HTTP/1.1" 200 73509
"GET /edit-transaction/24/ HTTP/1.1" 200 244
"POST /edit-transaction/24/ HTTP/1.1" 200 64
"GET /transactions/ HTTP/1.1" 200 73505
"GET /dashboard/ HTTP/1.1" 200 35856
"GET /manage-branches/ HTTP/1.1" 200 30823
"GET /transactions/ HTTP/1.1" 200 73505
"POST /delete-transaction/21/ HTTP/1.1" 200 64
"GET /transactions/ HTTP/1.1" 200 71588
"GET /dashboard/ HTTP/1.1" 200 35808
"GET /manage-branches/ HTTP/1.1" 200 30823
"GET /manage-branches/ HTTP/1.1" 200 30823
"GET /dashboard/ HTTP/1.1" 200 35808
"GET /transactions/ HTTP/1.1" 200 71588
"POST /delete-transaction/19/ HTTP/1.1" 200 64
"GET /transactions/ HTTP/1.1" 200 71653
"GET /dashboard/ HTTP/1.1" 200 35845
/Users/admin/Desktop/Accounting/account/views.py changed, reloading.
Watching for file changes with StatReloader
/Users/admin/Desktop/Accounting/account/views.py changed, reloading.
Watching for file changes with StatReloader
"GET /dashboard/ HTTP/1.1" 200 35845
"GET /transactions/ HTTP/1.1" 200 75793
"GET /edit-transaction/15/ HTTP/1.1" 200 254
"POST /delete-transaction/15/ HTTP/1.1" 200 64
"GET /transactions/ HTTP/1.1" 200 73878
"GET /dashboard/ HTTP/1.1" 200 35841
"GET /transactions/ HTTP/1.1" 200 73878
"GET /edit-transaction/16/ HTTP/1.1" 200 254
"POST /delete-transaction/16/ HTTP/1.1" 200 64
"GET /transactions/ HTTP/1.1" 200 71964
"GET /dashboard/ HTTP/1.1" 200 35805
"GET /dashboard/ HTTP/1.1" 200 35805
"GET /dashboard/ HTTP/1.1" 200 35805
"GET /dashboard/ HTTP/1.1" 200 35805
"GET /manage-categories/ HTTP/1.1" 200 53147
"GET /reports/ HTTP/1.1" 200 34455
"GET /fund-allocations/ HTTP/1.1" 200 19999
"GET /allocate-funds/ HTTP/1.1" 200 23529
"GET /dashboard/ HTTP/1.1" 200 35805
"GET /transactions/ HTTP/1.1" 200 71964
"GET /add-transaction/ HTTP/1.1" 200 20194
"GET /fund-allocations/ HTTP/1.1" 200 19999
"GET /allocate-funds/ HTTP/1.1" 200 23529
"POST /allocate-funds/ HTTP/1.1" 302 0
"GET /fund-allocations/ HTTP/1.1" 200 21085
"GET /dashboard/ HTTP/1.1" 200 35829
/Users/admin/Desktop/Accounting/account/forms.py changed, reloading.
Watching for file changes with StatReloader
"GET /transactions/ HTTP/1.1" 200 75767
"GET /edit-transaction/26/ HTTP/1.1" 200 243
"POST /delete-transaction/26/ HTTP/1.1" 200 64
"GET /transactions/ HTTP/1.1" 200 73880
/Users/admin/Desktop/Accounting/account/forms.py changed, reloading.
Watching for file changes with StatReloader
"GET /dashboard/ HTTP/1.1" 200 35840
/Users/admin/Desktop/Accounting/account/views.py changed, reloading.
Watching for file changes with StatReloader
/Users/admin/Desktop/Accounting/account/views.py changed, reloading.
Watching for file changes with StatReloader
"GET /manage-users/ HTTP/1.1" 200 32354
"GET /reset-password/4/ HTTP/1.1" 200 11651
"POST /reset-password/4/ HTTP/1.1" 302 0
"GET /manage-users/ HTTP/1.1" 200 32637
/Users/admin/Desktop/Accounting/account/views.py changed, reloading.
Watching for file changes with StatReloader
"GET /logout/ HTTP/1.1" 302 0
"GET /login/ HTTP/1.1" 200 7312
"POST /login/ HTTP/1.1" 200 7397
/Users/admin/Desktop/Accounting/account/views.py changed, reloading.
Watching for file changes with StatReloader
/Users/admin/Desktop/Accounting/account/views.py changed, reloading.
Watching for file changes with StatReloader
"POST /login/ HTTP/1.1" 302 0
"GET /dashboard/ HTTP/1.1" 200 36093
/Users/admin/Desktop/Accounting/account/views.py changed, reloading.
Watching for file changes with StatReloader
"GET /manage-users/ HTTP/1.1" 200 32354
/Users/admin/Desktop/Accounting/account/views.py changed, reloading.
Watching for file changes with StatReloader
"GET /logout/ HTTP/1.1" 302 0
"GET /login/ HTTP/1.1" 200 7312
"POST /login/ HTTP/1.1" 302 0
"GET /dashboard/ HTTP/1.1" 200 24109
/Users/admin/Desktop/Accounting/account/forms.py changed, reloading.
Watching for file changes with StatReloader
"GET /dashboard/ HTTP/1.1" 200 23856
"GET /dashboard/ HTTP/1.1" 200 23856
"GET /logout/ HTTP/1.1" 302 0
"GET /login/ HTTP/1.1" 200 7312
"POST /login/ HTTP/1.1" 302 0
"GET /dashboard/ HTTP/1.1" 200 36093
"GET /transactions/ HTTP/1.1" 200 73880
"GET /manage-branches/ HTTP/1.1" 200 31048
"GET /dashboard/ HTTP/1.1" 200 35840
"GET /fund-allocations/ HTTP/1.1" 200 20794
"GET /allocate-funds/ HTTP/1.1" 200 23529
"POST /allocate-funds/ HTTP/1.1" 302 0
"GET /fund-allocations/ HTTP/1.1" 200 21886
"GET /dashboard/ HTTP/1.1" 200 35844
"GET /logout/ HTTP/1.1" 302 0
"GET /login/ HTTP/1.1" 200 7312
"POST /login/ HTTP/1.1" 302 0
"GET /dashboard/ HTTP/1.1" 200 24144
"GET /add-expenditure/ HTTP/1.1" 200 15575
"POST /add-expenditure/ HTTP/1.1" 200 16734
"GET /logout/ HTTP/1.1" 302 0
"GET /login/ HTTP/1.1" 200 7312
"POST /login/ HTTP/1.1" 302 0
"GET /dashboard/ HTTP/1.1" 200 36097
/Users/admin/Desktop/Accounting/account/views.py changed, reloading.
Watching for file changes with StatReloader
/Users/admin/Desktop/Accounting/account/views.py changed, reloading.
Watching for file changes with StatReloader
/Users/admin/Desktop/Accounting/account/urls.py changed, reloading.
Watching for file changes with StatReloader
/Users/admin/Desktop/Accounting/account/urls.py changed, reloading.
Watching for file changes with StatReloader
"GET /dashboard/ HTTP/1.1" 200 35844
"GET /transactions/ HTTP/1.1" 200 77695
"GET /edit-transaction/13/ HTTP/1.1" 200 242
"POST /delete-transaction/13/ HTTP/1.1" 200 64
"GET /transactions/ HTTP/1.1" 200 75811
"GET /dashboard/ HTTP/1.1" 200 35850
/Users/admin/Desktop/Accounting/account/models.py changed, reloading.
Watching for file changes with StatReloader
/Users/admin/Desktop/Accounting/account/views.py changed, reloading.
Watching for file changes with StatReloader
/Users/admin/Desktop/Accounting/account/models.py changed, reloading.
Watching for file changes with StatReloader
/Users/admin/Desktop/Accounting/account/admin.py changed, reloading.
Watching for file changes with StatReloader
/Users/admin/Desktop/Accounting/account/models.py changed, reloading.
Watching for file changes with StatReloader
"GET /transactions/ HTTP/1.1" 200 75811
"GET /edit-transaction/8/ HTTP/1.1" 200 242
"POST /delete-transaction/8/ HTTP/1.1" 200 64
"GET /transactions/ HTTP/1.1" 200 73925
"GET /dashboard/ HTTP/1.1" 200 35850
/Users/admin/Desktop/Accounting/account/views.py changed, reloading.
Watching for file changes with StatReloader
/Users/admin/Desktop/Accounting/account/views.py changed, reloading.
Watching for file changes with StatReloader
/Users/admin/Desktop/Accounting/account/admin.py changed, reloading.
Watching for file changes with StatReloader
/Users/admin/Desktop/Accounting/account/admin.py changed, reloading.
Watching for file changes with StatReloader
"GET /dashboard/ HTTP/1.1" 200 35850
Forbidden: /edit-transaction/12/
"GET /edit-transaction/12/ HTTP/1.1" 403 509
"GET /transactions/ HTTP/1.1" 200 75179
"GET /transactions/ HTTP/1.1" 200 75179
"GET /transactions/ HTTP/1.1" 200 75179
"GET /transactions/ HTTP/1.1" 200 75179
"GET /transactions/ HTTP/1.1" 200 75179
"GET /transactions/ HTTP/1.1" 200 75179
"GET /fund-allocations/ HTTP/1.1" 200 30453
"GET /dashboard/ HTTP/1.1" 200 35850
"GET /dashboard/ HTTP/1.1" 302 0
"GET /login/?next=/dashboard/ HTTP/1.1" 200 7050
"GET /static/assets/css/style.css?v=1.0.0 HTTP/1.1" 304 0
"GET /static/assets/js/vendors/jquery-3.6.0.min.js HTTP/1.1" 304 0
"GET /static/assets/js/vendors/bootstrap.bundle.min.js HTTP/1.1" 304 0
"GET /static/assets/js/vendors/chart.js HTTP/1.1" 304 0
"GET /static/assets/js/vendors/select2.min.js HTTP/1.1" 304 0
"GET /static/assets/js/vendors/perfect-scrollbar.js HTTP/1.1" 304 0
"GET /static/assets/js/main.js?v=1.0.0 HTTP/1.1" 304 0
"GET /static/assets/js/custom-chart.js HTTP/1.1" 304 0
"GET /static/assets/js/vendors/jquery.fullscreen.min.js HTTP/1.1" 304 0
"GET /static/assets/css/vendors/perfect-scrollbar.css HTTP/1.1" 200 2598
"GET /static/assets/css/vendors/select2.min.css HTTP/1.1" 200 15445
"GET /static/assets/css/vendors/normalize.css HTTP/1.1" 200 6167
"GET /static/assets/css/vendors/material-icon-round.css HTTP/1.1" 200 70132
"GET /static/assets/css/vendors/bootstrap.css HTTP/1.1" 200 257573
"POST /login/?next=/dashboard/ HTTP/1.1" 302 0
"GET /dashboard/ HTTP/1.1" 200 24144
"GET /static/assets/css/style.css HTTP/1.1" 304 0
"GET /static/assets/imgs/vaticanlogo.jpeg HTTP/1.1" 200 224289
"GET /static/assets/fonts/material-icon/MaterialIcons-Round.woff2 HTTP/1.1" 304 0
"GET /dashboard/ HTTP/1.1" 200 35850
"GET /transactions/ HTTP/1.1" 200 75179
"GET /fund-allocations/ HTTP/1.1" 200 30453
"POST /reverse-allocation/10/ HTTP/1.1" 302 0
"GET /fund-allocations/ HTTP/1.1" 200 30967
"POST /reverse-allocation/8/ HTTP/1.1" 302 0
"GET /fund-allocations/ HTTP/1.1" 200 32058
"GET /dashboard/ HTTP/1.1" 200 35955
"GET /transactions/ HTTP/1.1" 200 79668
"GET /dashboard/ HTTP/1.1" 200 23946
"GET /dashboard/ HTTP/1.1" 200 23946
"GET /reports/ HTTP/1.1" 200 39504
"GET /dashboard/ HTTP/1.1" 200 35955
"GET /allocate-funds/ HTTP/1.1" 200 23535
/Users/admin/Desktop/Accounting/account/views.py changed, reloading.
Watching for file changes with StatReloader
/Users/admin/Desktop/Accounting/account/views.py changed, reloading.
Watching for file changes with StatReloader
/Users/admin/Desktop/Accounting/account/admin.py changed, reloading.
Watching for file changes with StatReloader
/Users/admin/Desktop/Accounting/account/admin.py changed, reloading.
Watching for file changes with StatReloader
/Users/admin/Desktop/Accounting/account/admin.py changed, reloading.
Watching for file changes with StatReloader
"GET /manage-categories/ HTTP/1.1" 200 57700
"POST /delete-income-category/7/ HTTP/1.1" 302 0
"GET /manage-categories/ HTTP/1.1" 200 58294
"GET /add-income-category/ HTTP/1.1" 200 24879
"GET /manage-categories/ HTTP/1.1" 200 57700
"GET /transactions/ HTTP/1.1" 200 79668
"GET /transactions/ HTTP/1.1" 200 79668
"GET /transactions/ HTTP/1.1" 200 79668
"GET /dashboard/ HTTP/1.1" 200 23946
"GET /transactions/ HTTP/1.1" 200 41448
"GET /add-expenditure/ HTTP/1.1" 200 15645
"GET /dashboard/ HTTP/1.1" 200 23946
/Users/admin/Desktop/Accounting/account/admin.py changed, reloading.
Watching for file changes with StatReloader
"GET /transactions/ HTTP/1.1" 200 79668
